


materialPath: C:\Program Files (x86)\Steam\steamapps\common\Portal 2\portal2\materials
Loading c:\users\main\desktop\beegood\packages\saismee-addons-master\resources\instances\clean\grating_panel.vmf
ConVarRef gpu_level doesn't point to an existing ConVar
fixing up env_cubemap materials on brush sides...
0...1...2...3...4...5...6...7...8...9...10**** leaked ****
Entity logic_relay (-32.00 -16.00 -32.00) leaked!
Processing areas...done (0)
Building Faces...done (0)
FixTjuncs...
PruneNodes...
WriteBSP...
done (0)
Finding displacement neighbors...
Finding lightmap sample positions...
Displacement Alpha : 0...1...2...3...4...5...6...7...8...9...10
Building Physics collision data...
done (0) (6140 bytes)
Placing detail props : 0...1...2...3...4...5...6...7...8...9...10
Compacting texture/material tables...
Reduced 70 texinfos to 12
Reduced 4 texdatas to 4 (83 bytes to 83)
Writing c:\users\main\desktop\beegood\packages\saismee-addons-master\resources\instances\clean\grating_panel.bsp

nummapplanes:     (    86 / 65536 )
nummapbrushes:    (    13 /  8192 )
nummapbrushsides: (    94 / 65536 )
num_map_overlays: (     0 /   512 )
nummodels:        (     5 /  1024 )
num_entities:     (    13 / 16384 )

0 seconds elapsed



12 threads
reading c:\users\main\desktop\beegood\packages\saismee-addons-master\resources\instances\clean\grating_panel.bsp
reading c:\users\main\desktop\beegood\packages\saismee-addons-master\resources\instances\clean\grating_panel.prt
LoadPortals: couldn't read c:\users\main\desktop\beegood\packages\saismee-addons-master\resources\instances\clean\grating_panel.prt



materialPath: C:\Program Files (x86)\Steam\steamapps\common\Portal 2\portal2\materials
Loading c:\users\main\desktop\beegood\packages\saismee-addons-master\resources\instances\clean\grating_panel.vmf
ConVarRef gpu_level doesn't point to an existing ConVar
fixing up env_cubemap materials on brush sides...
0...1...2...3...4...5...6...7...8...9...100...1...2...3...4...5...6...7...8...9...10Processing areas...done (0)
Building Faces...done (0)
FixTjuncs...
PruneNodes...
WriteBSP...
done (0)
writing c:\users\main\desktop\beegood\packages\saismee-addons-master\resources\instances\clean\grating_panel.prt...Building visibility clusters...
done (0)
Finding displacement neighbors...
Finding lightmap sample positions...
Displacement Alpha : 0...1...2...3...4...5...6...7...8...9...10
Building Physics collision data...
done (0) (8350 bytes)
Placing detail props : 0...1...2...3...4...5...6...7...8...9...10
Compacting texture/material tables...
Reduced 75 texinfos to 15
Reduced 5 texdatas to 5 (108 bytes to 108)
Writing c:\users\main\desktop\beegood\packages\saismee-addons-master\resources\instances\clean\grating_panel.bsp

nummapplanes:     (   110 / 65536 )
nummapbrushes:    (    19 /  8192 )
nummapbrushsides: (   130 / 65536 )
num_map_overlays: (     0 /   512 )
nummodels:        (     5 /  1024 )
num_entities:     (    14 / 16384 )

0 seconds elapsed



12 threads
reading c:\users\main\desktop\beegood\packages\saismee-addons-master\resources\instances\clean\grating_panel.bsp
reading c:\users\main\desktop\beegood\packages\saismee-addons-master\resources\instances\clean\grating_panel.prt
  20 portalclusters
  52 numportals
0...1...2...3...4...5...6...7...8...9...10Optimized: 0 visible clusters (0.00%)
Total clusters visible: 400
Average clusters visible: 20
Building PAS...
Average clusters audible: 20
visdatasize:284  compressed from 320
writing c:\users\main\desktop\beegood\packages\saismee-addons-master\resources\instances\clean\grating_panel.bsp
0 seconds elapsed



[Reading texlights from 'lights.rad']
[59 texlights parsed from 'lights.rad']

Loading c:\users\main\desktop\beegood\packages\saismee-addons-master\resources\instances\clean\grating_panel.bsp
42 faces
43804 square feet [6307840.00 square inches]
0 Displacements
0 Square Feet [0.00 Square Inches]
42 patches before subdivision
8462 patches after subdivision
0 direct lights
0...1...2...3...4...5...6...7...8...9...100...1...2...3...4...5...6...7...8...9...10transfers 973202, max 267
transfer lists:   7.4 megs
0...1...2...3...4...5...6...7...8...9...10	Bounce #1 added RGB(0, 0, 0)
Build Patch/Sample Hash Table(s).....Done<0.0010 sec>
0...1...2...3...4...5...6...7...8...9...10FinalLightFace Done
0 of 0 (0% of) surface lights went in leaf ambient cubes.
0...1...2...3...4...5...6...7...8...9...10Writing leaf ambient...done
Ready to Finish

Object names       Objects/Maxobjs  Memory / Maxmem  Fullness 
------------       ---------------  ---------------  -------- 
models                   5/1024          240/49152    ( 0.5%) 
brushes                 19/8192          228/98304    ( 0.2%) 
brushsides             130/65536        1040/524288   ( 0.2%) 
planes                 110/65536        2200/1310720  ( 0.2%) 
vertexes               101/65536        1212/786432   ( 0.2%) 
nodes                   85/65536        2720/2097152  ( 0.1%) 
texinfos                15/12288        1080/884736   ( 0.1%) 
texdata                  5/2048          160/65536    ( 0.2%) 
dispinfos                0/0               0/0        ( 0.0%) 
disp_verts               0/0               0/0        ( 0.0%) 
disp_tris                0/0               0/0        ( 0.0%) 
disp_multiblend          0/0               0/0        ( 0.0%) 
disp_lmsamples           0/0               0/0        ( 0.0%) 
faces                   42/65536        2352/3670016  ( 0.1%) 
hdr faces                0/65536           0/3670016  ( 0.0%) 
origfaces               16/65536         896/3670016  ( 0.0%) 
facebrushes              0/0               0/0        ( 0.0%) 
facebrushlists          42/0             168/0        ( 0.0%) 
leaves                  91/65536        2912/2097152  ( 0.1%) 
leaffaces               70/65536         140/131072   ( 0.1%) 
leafbrushes             42/65536          84/131072   ( 0.1%) 
areas                    2/256            16/2048     ( 0.8%) 
surfedges              232/512000        928/2048000  ( 0.0%) 
edges                  125/256000        500/1024000  ( 0.0%) 
LDR worldlights          0/8192            0/819200   ( 0.0%) 
HDR worldlights          0/8192            0/819200   ( 0.0%) 
leafwaterdata            0/32768           0/393216   ( 0.0%) 
waterstrips              0/32768           0/327680   ( 0.0%) 
waterverts               0/65536           0/786432   ( 0.0%) 
waterindices             0/65536           0/131072   ( 0.0%) 
cubemapsamples           0/1024            0/16384    ( 0.0%) 
overlays                 0/512             0/180224   ( 0.0%) 
LDR lightdata         [variable]      428944/0        ( 0.0%) 
HDR lightdata         [variable]           0/0        ( 0.0%) 
visdata               [variable]         284/16777216 ( 0.0%) 
entdata               [variable]        7013/393216   ( 1.8%) 
LDR ambient table       91/65536         364/262144   ( 0.1%) 
HDR ambient table       91/65536         364/262144   ( 0.1%) 
LDR leaf ambient        48/65536        1344/1835008  ( 0.1%) 
HDR leaf ambient        91/65536        2548/1835008  ( 0.1%) 
occluders                0/0               0/0        ( 0.0%) 
occluder polygons        0/0               0/0        ( 0.0%) 
occluder vert ind        0/0               0/0        ( 0.0%) 
detail props          [variable]           1/12       ( 8.3%) 
static props          [variable]           1/12       ( 8.3%) 
pakfile               [variable]       74450/0        ( 0.0%) 
physics               [variable]        8350/4194304  ( 0.2%) 
physics terrain       [variable]           2/1048576  ( 0.0%) 

Level flags = 0

Total triangle count: 84
Writing c:\users\main\desktop\beegood\packages\saismee-addons-master\resources\instances\clean\grating_panel.bsp
0 seconds elapsed



materialPath: C:\Program Files (x86)\Steam\steamapps\common\Portal 2\portal2\materials
Loading c:\users\main\desktop\beegood\packages\saismee-addons-master\resources\instances\clean\grating_panel.vmf
ConVarRef gpu_level doesn't point to an existing ConVar
fixing up env_cubemap materials on brush sides...
0...1...2...3...4...5...6...7...8...9...100...1...2...3...4...5...6...7...8...9...10Processing areas...done (0)
Building Faces...done (0)
FixTjuncs...
PruneNodes...
WriteBSP...
done (0)
writing c:\users\main\desktop\beegood\packages\saismee-addons-master\resources\instances\clean\grating_panel.prt...Building visibility clusters...
done (0)
Finding displacement neighbors...
Finding lightmap sample positions...
Displacement Alpha : 0...1...2...3...4...5...6...7...8...9...10
Building Physics collision data...
done (0) (8350 bytes)
Placing detail props : 0...1...2...3...4...5...6...7...8...9...10
Compacting texture/material tables...
Reduced 75 texinfos to 15
Reduced 5 texdatas to 5 (108 bytes to 108)
Writing c:\users\main\desktop\beegood\packages\saismee-addons-master\resources\instances\clean\grating_panel.bsp

nummapplanes:     (   110 / 65536 )
nummapbrushes:    (    19 /  8192 )
nummapbrushsides: (   130 / 65536 )
num_map_overlays: (     0 /   512 )
nummodels:        (     5 /  1024 )
num_entities:     (    12 / 16384 )

0 seconds elapsed



12 threads
reading c:\users\main\desktop\beegood\packages\saismee-addons-master\resources\instances\clean\grating_panel.bsp
reading c:\users\main\desktop\beegood\packages\saismee-addons-master\resources\instances\clean\grating_panel.prt
  20 portalclusters
  52 numportals
0...1...2...3...4...5...6...7...8...9...10Optimized: 0 visible clusters (0.00%)
Total clusters visible: 400
Average clusters visible: 20
Building PAS...
Average clusters audible: 20
visdatasize:284  compressed from 320
writing c:\users\main\desktop\beegood\packages\saismee-addons-master\resources\instances\clean\grating_panel.bsp
0 seconds elapsed



[Reading texlights from 'lights.rad']
[59 texlights parsed from 'lights.rad']

Loading c:\users\main\desktop\beegood\packages\saismee-addons-master\resources\instances\clean\grating_panel.bsp
42 faces
43804 square feet [6307840.00 square inches]
0 Displacements
0 Square Feet [0.00 Square Inches]
42 patches before subdivision
8462 patches after subdivision
0 direct lights
0...1...2...3...4...5...6...7...8...9...100...1...2...3...4...5...6...7...8...9...10transfers 973202, max 267
transfer lists:   7.4 megs
0...1...2...3...4...5...6...7...8...9...10	Bounce #1 added RGB(0, 0, 0)
Build Patch/Sample Hash Table(s).....Done<0.0010 sec>
0...1...2...3...4...5...6...7...8...9...10FinalLightFace Done
0 of 0 (0% of) surface lights went in leaf ambient cubes.
0...1...2...3...4...5...6...7...8...9...10Writing leaf ambient...done
Ready to Finish

Object names       Objects/Maxobjs  Memory / Maxmem  Fullness 
------------       ---------------  ---------------  -------- 
models                   5/1024          240/49152    ( 0.5%) 
brushes                 19/8192          228/98304    ( 0.2%) 
brushsides             130/65536        1040/524288   ( 0.2%) 
planes                 110/65536        2200/1310720  ( 0.2%) 
vertexes               101/65536        1212/786432   ( 0.2%) 
nodes                   85/65536        2720/2097152  ( 0.1%) 
texinfos                15/12288        1080/884736   ( 0.1%) 
texdata                  5/2048          160/65536    ( 0.2%) 
dispinfos                0/0               0/0        ( 0.0%) 
disp_verts               0/0               0/0        ( 0.0%) 
disp_tris                0/0               0/0        ( 0.0%) 
disp_multiblend          0/0               0/0        ( 0.0%) 
disp_lmsamples           0/0               0/0        ( 0.0%) 
faces                   42/65536        2352/3670016  ( 0.1%) 
hdr faces                0/65536           0/3670016  ( 0.0%) 
origfaces               16/65536         896/3670016  ( 0.0%) 
facebrushes              0/0               0/0        ( 0.0%) 
facebrushlists          42/0             168/0        ( 0.0%) 
leaves                  91/65536        2912/2097152  ( 0.1%) 
leaffaces               70/65536         140/131072   ( 0.1%) 
leafbrushes             42/65536          84/131072   ( 0.1%) 
areas                    2/256            16/2048     ( 0.8%) 
surfedges              232/512000        928/2048000  ( 0.0%) 
edges                  125/256000        500/1024000  ( 0.0%) 
LDR worldlights          0/8192            0/819200   ( 0.0%) 
HDR worldlights          0/8192            0/819200   ( 0.0%) 
leafwaterdata            0/32768           0/393216   ( 0.0%) 
waterstrips              0/32768           0/327680   ( 0.0%) 
waterverts               0/65536           0/786432   ( 0.0%) 
waterindices             0/65536           0/131072   ( 0.0%) 
cubemapsamples           0/1024            0/16384    ( 0.0%) 
overlays                 0/512             0/180224   ( 0.0%) 
LDR lightdata         [variable]      428944/0        ( 0.0%) 
HDR lightdata         [variable]           0/0        ( 0.0%) 
visdata               [variable]         284/16777216 ( 0.0%) 
entdata               [variable]        5362/393216   ( 1.4%) 
LDR ambient table       91/65536         364/262144   ( 0.1%) 
HDR ambient table       91/65536         364/262144   ( 0.1%) 
LDR leaf ambient        48/65536        1344/1835008  ( 0.1%) 
HDR leaf ambient        91/65536        2548/1835008  ( 0.1%) 
occluders                0/0               0/0        ( 0.0%) 
occluder polygons        0/0               0/0        ( 0.0%) 
occluder vert ind        0/0               0/0        ( 0.0%) 
detail props          [variable]           1/12       ( 8.3%) 
static props          [variable]           1/12       ( 8.3%) 
pakfile               [variable]       74450/0        ( 0.0%) 
physics               [variable]        8350/4194304  ( 0.2%) 
physics terrain       [variable]           2/1048576  ( 0.0%) 

Level flags = 0

Total triangle count: 84
Writing c:\users\main\desktop\beegood\packages\saismee-addons-master\resources\instances\clean\grating_panel.bsp
0 seconds elapsed



materialPath: C:\Program Files (x86)\Steam\steamapps\common\Portal 2\portal2\materials
Loading c:\users\main\desktop\beegood\packages\saismee-addons-master\resources\instances\clean\grating_panel.vmf
ConVarRef gpu_level doesn't point to an existing ConVar
fixing up env_cubemap materials on brush sides...
0...1...2...3...4...5...6...7...8...9...100...1...2...3...4...5...6...7...8...9...10Processing areas...done (0)
Building Faces...done (0)
FixTjuncs...
PruneNodes...
WriteBSP...
done (0)
writing c:\users\main\desktop\beegood\packages\saismee-addons-master\resources\instances\clean\grating_panel.prt...Building visibility clusters...
done (0)
Finding displacement neighbors...
Finding lightmap sample positions...
Displacement Alpha : 0...1...2...3...4...5...6...7...8...9...10
Building Physics collision data...
done (0) (8350 bytes)
Placing detail props : 0...1...2...3...4...5...6...7...8...9...10
Compacting texture/material tables...
Reduced 75 texinfos to 15
Reduced 5 texdatas to 5 (108 bytes to 108)
Writing c:\users\main\desktop\beegood\packages\saismee-addons-master\resources\instances\clean\grating_panel.bsp

nummapplanes:     (   110 / 65536 )
nummapbrushes:    (    19 /  8192 )
nummapbrushsides: (   130 / 65536 )
num_map_overlays: (     0 /   512 )
nummodels:        (     5 /  1024 )
num_entities:     (    12 / 16384 )

0 seconds elapsed



12 threads
reading c:\users\main\desktop\beegood\packages\saismee-addons-master\resources\instances\clean\grating_panel.bsp
reading c:\users\main\desktop\beegood\packages\saismee-addons-master\resources\instances\clean\grating_panel.prt
  20 portalclusters
  52 numportals
0...1...2...3...4...5...6...7...8...9...10Optimized: 0 visible clusters (0.00%)
Total clusters visible: 400
Average clusters visible: 20
Building PAS...
Average clusters audible: 20
visdatasize:284  compressed from 320
writing c:\users\main\desktop\beegood\packages\saismee-addons-master\resources\instances\clean\grating_panel.bsp
0 seconds elapsed



[Reading texlights from 'lights.rad']
[59 texlights parsed from 'lights.rad']

Loading c:\users\main\desktop\beegood\packages\saismee-addons-master\resources\instances\clean\grating_panel.bsp
42 faces
43804 square feet [6307840.00 square inches]
0 Displacements
0 Square Feet [0.00 Square Inches]
42 patches before subdivision
8462 patches after subdivision
0 direct lights
0...1...2...3...4...5...6...7...8...9...100...1...2...3...4...5...6...7...8...9...10transfers 973202, max 267
transfer lists:   7.4 megs
0...1...2...3...4...5...6...7...8...9...10	Bounce #1 added RGB(0, 0, 0)
Build Patch/Sample Hash Table(s).....Done<0.0011 sec>
0...1...2...3...4...5...6...7...8...9...10FinalLightFace Done
0 of 0 (0% of) surface lights went in leaf ambient cubes.
0...1...2...3...4...5...6...7...8...9...10Writing leaf ambient...done
Ready to Finish

Object names       Objects/Maxobjs  Memory / Maxmem  Fullness 
------------       ---------------  ---------------  -------- 
models                   5/1024          240/49152    ( 0.5%) 
brushes                 19/8192          228/98304    ( 0.2%) 
brushsides             130/65536        1040/524288   ( 0.2%) 
planes                 110/65536        2200/1310720  ( 0.2%) 
vertexes               101/65536        1212/786432   ( 0.2%) 
nodes                   85/65536        2720/2097152  ( 0.1%) 
texinfos                15/12288        1080/884736   ( 0.1%) 
texdata                  5/2048          160/65536    ( 0.2%) 
dispinfos                0/0               0/0        ( 0.0%) 
disp_verts               0/0               0/0        ( 0.0%) 
disp_tris                0/0               0/0        ( 0.0%) 
disp_multiblend          0/0               0/0        ( 0.0%) 
disp_lmsamples           0/0               0/0        ( 0.0%) 
faces                   42/65536        2352/3670016  ( 0.1%) 
hdr faces                0/65536           0/3670016  ( 0.0%) 
origfaces               16/65536         896/3670016  ( 0.0%) 
facebrushes              0/0               0/0        ( 0.0%) 
facebrushlists          42/0             168/0        ( 0.0%) 
leaves                  91/65536        2912/2097152  ( 0.1%) 
leaffaces               70/65536         140/131072   ( 0.1%) 
leafbrushes             42/65536          84/131072   ( 0.1%) 
areas                    2/256            16/2048     ( 0.8%) 
surfedges              232/512000        928/2048000  ( 0.0%) 
edges                  125/256000        500/1024000  ( 0.0%) 
LDR worldlights          0/8192            0/819200   ( 0.0%) 
HDR worldlights          0/8192            0/819200   ( 0.0%) 
leafwaterdata            0/32768           0/393216   ( 0.0%) 
waterstrips              0/32768           0/327680   ( 0.0%) 
waterverts               0/65536           0/786432   ( 0.0%) 
waterindices             0/65536           0/131072   ( 0.0%) 
cubemapsamples           0/1024            0/16384    ( 0.0%) 
overlays                 0/512             0/180224   ( 0.0%) 
LDR lightdata         [variable]      428944/0        ( 0.0%) 
HDR lightdata         [variable]           0/0        ( 0.0%) 
visdata               [variable]         284/16777216 ( 0.0%) 
entdata               [variable]        5281/393216   ( 1.3%) 
LDR ambient table       91/65536         364/262144   ( 0.1%) 
HDR ambient table       91/65536         364/262144   ( 0.1%) 
LDR leaf ambient        48/65536        1344/1835008  ( 0.1%) 
HDR leaf ambient        91/65536        2548/1835008  ( 0.1%) 
occluders                0/0               0/0        ( 0.0%) 
occluder polygons        0/0               0/0        ( 0.0%) 
occluder vert ind        0/0               0/0        ( 0.0%) 
detail props          [variable]           1/12       ( 8.3%) 
static props          [variable]           1/12       ( 8.3%) 
pakfile               [variable]       74450/0        ( 0.0%) 
physics               [variable]        8350/4194304  ( 0.2%) 
physics terrain       [variable]           2/1048576  ( 0.0%) 

Level flags = 0

Total triangle count: 84
Writing c:\users\main\desktop\beegood\packages\saismee-addons-master\resources\instances\clean\grating_panel.bsp
0 seconds elapsed



materialPath: C:\Program Files (x86)\Steam\steamapps\common\Portal 2\portal2\materials
Loading c:\users\main\desktop\beegood\packages\saismee-addons-master\resources\instances\clean\grating_panel.vmf
ConVarRef gpu_level doesn't point to an existing ConVar
fixing up env_cubemap materials on brush sides...
0...1...2...3...4...5...6...7...8...9...100...1...2...3...4...5...6...7...8...9...10Processing areas...done (0)
Building Faces...done (0)
FixTjuncs...
PruneNodes...
WriteBSP...
done (0)
writing c:\users\main\desktop\beegood\packages\saismee-addons-master\resources\instances\clean\grating_panel.prt...Building visibility clusters...
done (0)
Finding displacement neighbors...
Finding lightmap sample positions...
Displacement Alpha : 0...1...2...3...4...5...6...7...8...9...10
Building Physics collision data...
done (0) (8350 bytes)
Placing detail props : 0...1...2...3...4...5...6...7...8...9...10
Compacting texture/material tables...
Reduced 75 texinfos to 15
Reduced 5 texdatas to 5 (108 bytes to 108)
Writing c:\users\main\desktop\beegood\packages\saismee-addons-master\resources\instances\clean\grating_panel.bsp

nummapplanes:     (   110 / 65536 )
nummapbrushes:    (    19 /  8192 )
nummapbrushsides: (   130 / 65536 )
num_map_overlays: (     0 /   512 )
nummodels:        (     5 /  1024 )
num_entities:     (    14 / 16384 )

0 seconds elapsed



12 threads
reading c:\users\main\desktop\beegood\packages\saismee-addons-master\resources\instances\clean\grating_panel.bsp
reading c:\users\main\desktop\beegood\packages\saismee-addons-master\resources\instances\clean\grating_panel.prt
  20 portalclusters
  52 numportals
0...1...2...3...4...5...6...7...8...9...10Optimized: 0 visible clusters (0.00%)
Total clusters visible: 400
Average clusters visible: 20
Building PAS...
Average clusters audible: 20
visdatasize:284  compressed from 320
writing c:\users\main\desktop\beegood\packages\saismee-addons-master\resources\instances\clean\grating_panel.bsp
0 seconds elapsed



[Reading texlights from 'lights.rad']
[59 texlights parsed from 'lights.rad']

Loading c:\users\main\desktop\beegood\packages\saismee-addons-master\resources\instances\clean\grating_panel.bsp
42 faces
43804 square feet [6307840.00 square inches]
0 Displacements
0 Square Feet [0.00 Square Inches]
42 patches before subdivision
8462 patches after subdivision
0 direct lights
0...1...2...3...4...5...6...7...8...9...100...1...2...3...4...5...6...7...8...9...10transfers 973202, max 267
transfer lists:   7.4 megs
0...1...2...3...4...5...6...7...8...9...10	Bounce #1 added RGB(0, 0, 0)
Build Patch/Sample Hash Table(s).....Done<0.0013 sec>
0...1...2...3...4...5...6...7...8...9...10FinalLightFace Done
0 of 0 (0% of) surface lights went in leaf ambient cubes.
0...1...2...3...4...5...6...7...8...9...10Writing leaf ambient...done
Ready to Finish

Object names       Objects/Maxobjs  Memory / Maxmem  Fullness 
------------       ---------------  ---------------  -------- 
models                   5/1024          240/49152    ( 0.5%) 
brushes                 19/8192          228/98304    ( 0.2%) 
brushsides             130/65536        1040/524288   ( 0.2%) 
planes                 110/65536        2200/1310720  ( 0.2%) 
vertexes               101/65536        1212/786432   ( 0.2%) 
nodes                   85/65536        2720/2097152  ( 0.1%) 
texinfos                15/12288        1080/884736   ( 0.1%) 
texdata                  5/2048          160/65536    ( 0.2%) 
dispinfos                0/0               0/0        ( 0.0%) 
disp_verts               0/0               0/0        ( 0.0%) 
disp_tris                0/0               0/0        ( 0.0%) 
disp_multiblend          0/0               0/0        ( 0.0%) 
disp_lmsamples           0/0               0/0        ( 0.0%) 
faces                   42/65536        2352/3670016  ( 0.1%) 
hdr faces                0/65536           0/3670016  ( 0.0%) 
origfaces               16/65536         896/3670016  ( 0.0%) 
facebrushes              0/0               0/0        ( 0.0%) 
facebrushlists          42/0             168/0        ( 0.0%) 
leaves                  91/65536        2912/2097152  ( 0.1%) 
leaffaces               70/65536         140/131072   ( 0.1%) 
leafbrushes             42/65536          84/131072   ( 0.1%) 
areas                    2/256            16/2048     ( 0.8%) 
surfedges              232/512000        928/2048000  ( 0.0%) 
edges                  125/256000        500/1024000  ( 0.0%) 
LDR worldlights          0/8192            0/819200   ( 0.0%) 
HDR worldlights          0/8192            0/819200   ( 0.0%) 
leafwaterdata            0/32768           0/393216   ( 0.0%) 
waterstrips              0/32768           0/327680   ( 0.0%) 
waterverts               0/65536           0/786432   ( 0.0%) 
waterindices             0/65536           0/131072   ( 0.0%) 
cubemapsamples           0/1024            0/16384    ( 0.0%) 
overlays                 0/512             0/180224   ( 0.0%) 
LDR lightdata         [variable]      428944/0        ( 0.0%) 
HDR lightdata         [variable]           0/0        ( 0.0%) 
visdata               [variable]         284/16777216 ( 0.0%) 
entdata               [variable]        6770/393216   ( 1.7%) 
LDR ambient table       91/65536         364/262144   ( 0.1%) 
HDR ambient table       91/65536         364/262144   ( 0.1%) 
LDR leaf ambient        48/65536        1344/1835008  ( 0.1%) 
HDR leaf ambient        91/65536        2548/1835008  ( 0.1%) 
occluders                0/0               0/0        ( 0.0%) 
occluder polygons        0/0               0/0        ( 0.0%) 
occluder vert ind        0/0               0/0        ( 0.0%) 
detail props          [variable]           1/12       ( 8.3%) 
static props          [variable]           1/12       ( 8.3%) 
pakfile               [variable]       74450/0        ( 0.0%) 
physics               [variable]        8350/4194304  ( 0.2%) 
physics terrain       [variable]           2/1048576  ( 0.0%) 

Level flags = 0

Total triangle count: 84
Writing c:\users\main\desktop\beegood\packages\saismee-addons-master\resources\instances\clean\grating_panel.bsp
0 seconds elapsed



materialPath: C:\Program Files (x86)\Steam\steamapps\common\Portal 2\portal2\materials
Loading c:\users\main\desktop\beegood\packages\saismee-addons-master\resources\instances\clean\grating_panel.vmf
ConVarRef gpu_level doesn't point to an existing ConVar
fixing up env_cubemap materials on brush sides...
0...1...2...3...4...5...6...7...8...9...100...1...2...3...4...5...6...7...8...9...10Processing areas...done (0)
Building Faces...done (0)
FixTjuncs...
PruneNodes...
WriteBSP...
done (0)
writing c:\users\main\desktop\beegood\packages\saismee-addons-master\resources\instances\clean\grating_panel.prt...Building visibility clusters...
done (0)
Finding displacement neighbors...
Finding lightmap sample positions...
Displacement Alpha : 0...1...2...3...4...5...6...7...8...9...10
Building Physics collision data...
done (0) (8350 bytes)
Placing detail props : 0...1...2...3...4...5...6...7...8...9...10
Compacting texture/material tables...
Reduced 75 texinfos to 15
Reduced 5 texdatas to 5 (108 bytes to 108)
Writing c:\users\main\desktop\beegood\packages\saismee-addons-master\resources\instances\clean\grating_panel.bsp

nummapplanes:     (   110 / 65536 )
nummapbrushes:    (    19 /  8192 )
nummapbrushsides: (   130 / 65536 )
num_map_overlays: (     0 /   512 )
nummodels:        (     5 /  1024 )
num_entities:     (    14 / 16384 )

0 seconds elapsed



12 threads
reading c:\users\main\desktop\beegood\packages\saismee-addons-master\resources\instances\clean\grating_panel.bsp
reading c:\users\main\desktop\beegood\packages\saismee-addons-master\resources\instances\clean\grating_panel.prt
  20 portalclusters
  52 numportals
0...1...2...3...4...5...6...7...8...9...10Optimized: 0 visible clusters (0.00%)
Total clusters visible: 400
Average clusters visible: 20
Building PAS...
Average clusters audible: 20
visdatasize:284  compressed from 320
writing c:\users\main\desktop\beegood\packages\saismee-addons-master\resources\instances\clean\grating_panel.bsp
0 seconds elapsed



[Reading texlights from 'lights.rad']
[59 texlights parsed from 'lights.rad']

Loading c:\users\main\desktop\beegood\packages\saismee-addons-master\resources\instances\clean\grating_panel.bsp
42 faces
43804 square feet [6307840.00 square inches]
0 Displacements
0 Square Feet [0.00 Square Inches]
42 patches before subdivision
8462 patches after subdivision
0 direct lights
0...1...2...3...4...5...6...7...8...9...100...1...2...3...4...5...6...7...8...9...10transfers 973202, max 267
transfer lists:   7.4 megs
0...1...2...3...4...5...6...7...8...9...10	Bounce #1 added RGB(0, 0, 0)
Build Patch/Sample Hash Table(s).....Done<0.0009 sec>
0...1...2...3...4...5...6...7...8...9...10FinalLightFace Done
0 of 0 (0% of) surface lights went in leaf ambient cubes.
0...1...2...3...4...5...6...7...8...9...10Writing leaf ambient...done
Ready to Finish

Object names       Objects/Maxobjs  Memory / Maxmem  Fullness 
------------       ---------------  ---------------  -------- 
models                   5/1024          240/49152    ( 0.5%) 
brushes                 19/8192          228/98304    ( 0.2%) 
brushsides             130/65536        1040/524288   ( 0.2%) 
planes                 110/65536        2200/1310720  ( 0.2%) 
vertexes               101/65536        1212/786432   ( 0.2%) 
nodes                   85/65536        2720/2097152  ( 0.1%) 
texinfos                15/12288        1080/884736   ( 0.1%) 
texdata                  5/2048          160/65536    ( 0.2%) 
dispinfos                0/0               0/0        ( 0.0%) 
disp_verts               0/0               0/0        ( 0.0%) 
disp_tris                0/0               0/0        ( 0.0%) 
disp_multiblend          0/0               0/0        ( 0.0%) 
disp_lmsamples           0/0               0/0        ( 0.0%) 
faces                   42/65536        2352/3670016  ( 0.1%) 
hdr faces                0/65536           0/3670016  ( 0.0%) 
origfaces               16/65536         896/3670016  ( 0.0%) 
facebrushes              0/0               0/0        ( 0.0%) 
facebrushlists          42/0             168/0        ( 0.0%) 
leaves                  91/65536        2912/2097152  ( 0.1%) 
leaffaces               70/65536         140/131072   ( 0.1%) 
leafbrushes             42/65536          84/131072   ( 0.1%) 
areas                    2/256            16/2048     ( 0.8%) 
surfedges              232/512000        928/2048000  ( 0.0%) 
edges                  125/256000        500/1024000  ( 0.0%) 
LDR worldlights          0/8192            0/819200   ( 0.0%) 
HDR worldlights          0/8192            0/819200   ( 0.0%) 
leafwaterdata            0/32768           0/393216   ( 0.0%) 
waterstrips              0/32768           0/327680   ( 0.0%) 
waterverts               0/65536           0/786432   ( 0.0%) 
waterindices             0/65536           0/131072   ( 0.0%) 
cubemapsamples           0/1024            0/16384    ( 0.0%) 
overlays                 0/512             0/180224   ( 0.0%) 
LDR lightdata         [variable]      428944/0        ( 0.0%) 
HDR lightdata         [variable]           0/0        ( 0.0%) 
visdata               [variable]         284/16777216 ( 0.0%) 
entdata               [variable]        6796/393216   ( 1.7%) 
LDR ambient table       91/65536         364/262144   ( 0.1%) 
HDR ambient table       91/65536         364/262144   ( 0.1%) 
LDR leaf ambient        48/65536        1344/1835008  ( 0.1%) 
HDR leaf ambient        91/65536        2548/1835008  ( 0.1%) 
occluders                0/0               0/0        ( 0.0%) 
occluder polygons        0/0               0/0        ( 0.0%) 
occluder vert ind        0/0               0/0        ( 0.0%) 
detail props          [variable]           1/12       ( 8.3%) 
static props          [variable]           1/12       ( 8.3%) 
pakfile               [variable]       74450/0        ( 0.0%) 
physics               [variable]        8350/4194304  ( 0.2%) 
physics terrain       [variable]           2/1048576  ( 0.0%) 

Level flags = 0

Total triangle count: 84
Writing c:\users\main\desktop\beegood\packages\saismee-addons-master\resources\instances\clean\grating_panel.bsp
0 seconds elapsed



materialPath: C:\Program Files (x86)\Steam\steamapps\common\Portal 2\portal2\materials
Loading c:\users\main\desktop\beegood\packages\saismee-addons-master\resources\instances\clean\grating_panel.vmf
ConVarRef gpu_level doesn't point to an existing ConVar
fixing up env_cubemap materials on brush sides...
0...1...2...3...4...5...6...7...8...9...100...1...2...3...4...5...6...7...8...9...10Processing areas...done (0)
Building Faces...done (0)
FixTjuncs...
PruneNodes...
WriteBSP...
done (0)
writing c:\users\main\desktop\beegood\packages\saismee-addons-master\resources\instances\clean\grating_panel.prt...Building visibility clusters...
done (0)
Finding displacement neighbors...
Finding lightmap sample positions...
Displacement Alpha : 0...1...2...3...4...5...6...7...8...9...10
Building Physics collision data...
done (0) (8350 bytes)
Placing detail props : 0...1...2...3...4...5...6...7...8...9...10
Compacting texture/material tables...
Reduced 75 texinfos to 15
Reduced 5 texdatas to 5 (108 bytes to 108)
Writing c:\users\main\desktop\beegood\packages\saismee-addons-master\resources\instances\clean\grating_panel.bsp

nummapplanes:     (   110 / 65536 )
nummapbrushes:    (    19 /  8192 )
nummapbrushsides: (   130 / 65536 )
num_map_overlays: (     0 /   512 )
nummodels:        (     5 /  1024 )
num_entities:     (    14 / 16384 )

0 seconds elapsed



12 threads
reading c:\users\main\desktop\beegood\packages\saismee-addons-master\resources\instances\clean\grating_panel.bsp
reading c:\users\main\desktop\beegood\packages\saismee-addons-master\resources\instances\clean\grating_panel.prt
  20 portalclusters
  52 numportals
0...1...2...3...4...5...6...7...8...9...10Optimized: 0 visible clusters (0.00%)
Total clusters visible: 400
Average clusters visible: 20
Building PAS...
Average clusters audible: 20
visdatasize:284  compressed from 320
writing c:\users\main\desktop\beegood\packages\saismee-addons-master\resources\instances\clean\grating_panel.bsp
0 seconds elapsed



[Reading texlights from 'lights.rad']
[59 texlights parsed from 'lights.rad']

Loading c:\users\main\desktop\beegood\packages\saismee-addons-master\resources\instances\clean\grating_panel.bsp
42 faces
43804 square feet [6307840.00 square inches]
0 Displacements
0 Square Feet [0.00 Square Inches]
42 patches before subdivision
8462 patches after subdivision
0 direct lights
0...1...2...3...4...5...6...7...8...9...100...1...2...3...4...5...6...7...8...9...10transfers 973202, max 267
transfer lists:   7.4 megs
0...1...2...3...4...5...6...7...8...9...10	Bounce #1 added RGB(0, 0, 0)
Build Patch/Sample Hash Table(s).....Done<0.0010 sec>
0...1...2...3...4...5...6...7...8...9...10FinalLightFace Done
0 of 0 (0% of) surface lights went in leaf ambient cubes.
0...1...2...3...4...5...6...7...8...9...10Writing leaf ambient...done
Ready to Finish

Object names       Objects/Maxobjs  Memory / Maxmem  Fullness 
------------       ---------------  ---------------  -------- 
models                   5/1024          240/49152    ( 0.5%) 
brushes                 19/8192          228/98304    ( 0.2%) 
brushsides             130/65536        1040/524288   ( 0.2%) 
planes                 110/65536        2200/1310720  ( 0.2%) 
vertexes               101/65536        1212/786432   ( 0.2%) 
nodes                   85/65536        2720/2097152  ( 0.1%) 
texinfos                15/12288        1080/884736   ( 0.1%) 
texdata                  5/2048          160/65536    ( 0.2%) 
dispinfos                0/0               0/0        ( 0.0%) 
disp_verts               0/0               0/0        ( 0.0%) 
disp_tris                0/0               0/0        ( 0.0%) 
disp_multiblend          0/0               0/0        ( 0.0%) 
disp_lmsamples           0/0               0/0        ( 0.0%) 
faces                   42/65536        2352/3670016  ( 0.1%) 
hdr faces                0/65536           0/3670016  ( 0.0%) 
origfaces               16/65536         896/3670016  ( 0.0%) 
facebrushes              0/0               0/0        ( 0.0%) 
facebrushlists          42/0             168/0        ( 0.0%) 
leaves                  91/65536        2912/2097152  ( 0.1%) 
leaffaces               70/65536         140/131072   ( 0.1%) 
leafbrushes             42/65536          84/131072   ( 0.1%) 
areas                    2/256            16/2048     ( 0.8%) 
surfedges              232/512000        928/2048000  ( 0.0%) 
edges                  125/256000        500/1024000  ( 0.0%) 
LDR worldlights          0/8192            0/819200   ( 0.0%) 
HDR worldlights          0/8192            0/819200   ( 0.0%) 
leafwaterdata            0/32768           0/393216   ( 0.0%) 
waterstrips              0/32768           0/327680   ( 0.0%) 
waterverts               0/65536           0/786432   ( 0.0%) 
waterindices             0/65536           0/131072   ( 0.0%) 
cubemapsamples           0/1024            0/16384    ( 0.0%) 
overlays                 0/512             0/180224   ( 0.0%) 
LDR lightdata         [variable]      428944/0        ( 0.0%) 
HDR lightdata         [variable]           0/0        ( 0.0%) 
visdata               [variable]         284/16777216 ( 0.0%) 
entdata               [variable]        6796/393216   ( 1.7%) 
LDR ambient table       91/65536         364/262144   ( 0.1%) 
HDR ambient table       91/65536         364/262144   ( 0.1%) 
LDR leaf ambient        48/65536        1344/1835008  ( 0.1%) 
HDR leaf ambient        91/65536        2548/1835008  ( 0.1%) 
occluders                0/0               0/0        ( 0.0%) 
occluder polygons        0/0               0/0        ( 0.0%) 
occluder vert ind        0/0               0/0        ( 0.0%) 
detail props          [variable]           1/12       ( 8.3%) 
static props          [variable]           1/12       ( 8.3%) 
pakfile               [variable]       74450/0        ( 0.0%) 
physics               [variable]        8350/4194304  ( 0.2%) 
physics terrain       [variable]           2/1048576  ( 0.0%) 

Level flags = 0

Total triangle count: 84
Writing c:\users\main\desktop\beegood\packages\saismee-addons-master\resources\instances\clean\grating_panel.bsp
0 seconds elapsed
