PRT1
20
52
4 0 10 (512 0 -512 ) (512 0 512 ) (64 0 512 ) (64 0 -512 ) 
4 0 3 (64 0 -192 ) (64 0 -64 ) (64 64 -64 ) (64 64 -192 ) 
4 0 2 (64 0 -64 ) (64 0 512 ) (64 64 512 ) (64 64 -64 ) 
4 0 4 (64 64 -512 ) (64 0 -512 ) (64 0 -192 ) (64 64 -192 ) 
4 0 1 (64 512 -512 ) (64 64 -512 ) (64 64 512 ) (64 512 512 ) 
4 1 5 (0 64 512 ) (0 512 512 ) (0 512 -512 ) (0 64 -512 ) 
4 1 3 (64 64 -192 ) (64 64 -64 ) (0 64 -64 ) (0 64 -192 ) 
4 1 2 (64 64 -64 ) (64 64 512 ) (0 64 512 ) (0 64 -64 ) 
4 1 4 (0 64 -512 ) (64 64 -512 ) (64 64 -192 ) (0 64 -192 ) 
4 2 11 (64 0 512 ) (0 0 512 ) (0 0 -64 ) (64 0 -64 ) 
4 2 6 (0 0 -64 ) (0 0 512 ) (0 64 512 ) (0 64 -64 ) 
4 2 3 (0 0 -64 ) (0 64 -64 ) (64 64 -64 ) (64 0 -64 ) 
4 3 12 (0 0 -64 ) (0 0 -192 ) (64 0 -192 ) (64 0 -64 ) 
4 3 7 (0 0 -192 ) (0 0 -64 ) (0 64 -64 ) (0 64 -192 ) 
4 3 4 (0 64 -192 ) (64 64 -192 ) (64 0 -192 ) (0 0 -192 ) 
4 4 13 (0 0 -192 ) (0 0 -512 ) (64 0 -512 ) (64 0 -192 ) 
4 4 8 (0 0 -512 ) (0 0 -192 ) (0 64 -192 ) (0 64 -512 ) 
4 5 7 (-64 64 -64 ) (-64 64 -192 ) (0 64 -192 ) (0 64 -64 ) 
4 5 6 (-64 64 512 ) (-64 64 -64 ) (0 64 -64 ) (0 64 512 ) 
4 5 8 (-64 64 -192 ) (-64 64 -512 ) (0 64 -512 ) (0 64 -192 ) 
4 5 9 (-64 512 -512 ) (-64 64 -512 ) (-64 64 512 ) (-64 512 512 ) 
4 6 15 (0 0 -64 ) (0 0 512 ) (-64 0 512 ) (-64 0 -64 ) 
4 6 9 (-64 0 -64 ) (-64 0 512 ) (-64 64 512 ) (-64 64 -64 ) 
4 6 7 (0 0 -64 ) (-64 0 -64 ) (-64 64 -64 ) (0 64 -64 ) 
4 7 16 (0 0 -192 ) (0 0 -64 ) (-64 0 -64 ) (-64 0 -192 ) 
4 7 8 (-64 0 -192 ) (-64 64 -192 ) (0 64 -192 ) (0 0 -192 ) 
4 7 9 (-64 0 -192 ) (-64 0 -64 ) (-64 64 -64 ) (-64 64 -192 ) 
4 8 17 (0 0 -512 ) (0 0 -192 ) (-64 0 -192 ) (-64 0 -512 ) 
4 8 9 (-64 64 -512 ) (-64 0 -512 ) (-64 0 -192 ) (-64 64 -192 ) 
4 9 19 (-64 0 512 ) (-512 0 512 ) (-512 0 -512 ) (-64 0 -512 ) 
4 10 12 (64 -64 -192 ) (64 -64 -64 ) (64 0 -64 ) (64 0 -192 ) 
4 10 11 (64 -64 -64 ) (64 -64 512 ) (64 0 512 ) (64 0 -64 ) 
4 10 13 (64 0 -512 ) (64 -64 -512 ) (64 -64 -192 ) (64 0 -192 ) 
4 10 14 (64 -64 -512 ) (64 -512 -512 ) (64 -512 512 ) (64 -64 512 ) 
4 11 15 (0 0 512 ) (0 0 -64 ) (0 -64 -64 ) (0 -64 512 ) 
4 11 14 (64 -64 -64 ) (64 -64 512 ) (0 -64 512 ) (0 -64 -64 ) 
4 11 12 (64 -64 -64 ) (0 -64 -64 ) (0 0 -64 ) (64 0 -64 ) 
4 12 16 (0 0 -64 ) (0 0 -192 ) (0 -64 -192 ) (0 -64 -64 ) 
4 12 13 (64 -64 -192 ) (0 -64 -192 ) (0 0 -192 ) (64 0 -192 ) 
4 12 14 (64 -64 -192 ) (64 -64 -64 ) (0 -64 -64 ) (0 -64 -192 ) 
4 13 17 (0 0 -192 ) (0 0 -512 ) (0 -64 -512 ) (0 -64 -192 ) 
4 13 14 (0 -64 -512 ) (64 -64 -512 ) (64 -64 -192 ) (0 -64 -192 ) 
4 14 18 (0 -64 -512 ) (0 -512 -512 ) (0 -512 512 ) (0 -64 512 ) 
4 15 19 (-64 -64 -64 ) (-64 -64 512 ) (-64 0 512 ) (-64 0 -64 ) 
4 15 18 (-64 -64 512 ) (-64 -64 -64 ) (0 -64 -64 ) (0 -64 512 ) 
4 15 16 (0 -64 -64 ) (-64 -64 -64 ) (-64 0 -64 ) (0 0 -64 ) 
4 16 17 (0 -64 -192 ) (-64 -64 -192 ) (-64 0 -192 ) (0 0 -192 ) 
4 16 19 (-64 -64 -192 ) (-64 -64 -64 ) (-64 0 -64 ) (-64 0 -192 ) 
4 16 18 (-64 -64 -64 ) (-64 -64 -192 ) (0 -64 -192 ) (0 -64 -64 ) 
4 17 18 (-64 -64 -192 ) (-64 -64 -512 ) (0 -64 -512 ) (0 -64 -192 ) 
4 17 19 (-64 0 -512 ) (-64 -64 -512 ) (-64 -64 -192 ) (-64 0 -192 ) 
4 18 19 (-64 -64 -512 ) (-64 -512 -512 ) (-64 -512 512 ) (-64 -64 512 ) 
